[debug] [2020-06-16T05:19:30.358Z] ----------------------------------------------------------------------
[debug] [2020-06-16T05:19:30.359Z] Command:       /Users/m-yetian/.nvm/versions/node/v12.16.3/bin/node /Users/m-yetian/.nvm/versions/node/v12.16.3/bin/firebase deploy
[debug] [2020-06-16T05:19:30.359Z] CLI Version:   8.4.2
[debug] [2020-06-16T05:19:30.359Z] Platform:      darwin
[debug] [2020-06-16T05:19:30.359Z] Node Version:  v12.16.3
[debug] [2020-06-16T05:19:30.360Z] Time:          Tue Jun 16 2020 14:19:30 GMT+0900 (Japan Standard Time)
[debug] [2020-06-16T05:19:30.360Z] ----------------------------------------------------------------------
[debug] [2020-06-16T05:19:30.360Z] 
[debug] [2020-06-16T05:19:30.366Z] > command requires scopes: ["email","openid","https://www.googleapis.com/auth/cloudplatformprojects.readonly","https://www.googleapis.com/auth/firebase","https://www.googleapis.com/auth/cloud-platform"]
[debug] [2020-06-16T05:19:30.367Z] > authorizing via signed-in user
[debug] [2020-06-16T05:19:30.367Z] [iam] checking project build-33d3a for permissions ["firebase.projects.get","firebasehosting.sites.update"]
[debug] [2020-06-16T05:19:30.369Z] >>> HTTP REQUEST POST https://cloudresourcemanager.googleapis.com/v1/projects/build-33d3a:testIamPermissions  
 {"permissions":["firebase.projects.get","firebasehosting.sites.update"]}
[debug] [2020-06-16T05:19:31.055Z] <<< HTTP RESPONSE 200 {"content-type":"application/json; charset=UTF-8","vary":"X-Origin, Referer, Origin,Accept-Encoding","date":"Tue, 16 Jun 2020 05:19:30 GMT","server":"ESF","cache-control":"private","x-xss-protection":"0","x-frame-options":"SAMEORIGIN","x-content-type-options":"nosniff","server-timing":"gfet4t7; dur=591","alt-svc":"h3-28=\":443\"; ma=2592000,h3-27=\":443\"; ma=2592000,h3-25=\":443\"; ma=2592000,h3-T050=\":443\"; ma=2592000,h3-Q050=\":443\"; ma=2592000,h3-Q049=\":443\"; ma=2592000,h3-Q048=\":443\"; ma=2592000,h3-Q046=\":443\"; ma=2592000,h3-Q043=\":443\"; ma=2592000,quic=\":443\"; ma=2592000; v=\"46,43\"","accept-ranges":"none","transfer-encoding":"chunked"}
[debug] [2020-06-16T05:19:31.056Z] >>> HTTP REQUEST GET https://firebase.googleapis.com/v1beta1/projects/build-33d3a  
 
[debug] [2020-06-16T05:19:31.769Z] <<< HTTP RESPONSE 200 {"content-type":"application/json; charset=UTF-8","vary":"X-Origin, Referer, Origin,Accept-Encoding","date":"Tue, 16 Jun 2020 05:19:31 GMT","server":"ESF","cache-control":"private","x-xss-protection":"0","x-frame-options":"SAMEORIGIN","x-content-type-options":"nosniff","alt-svc":"h3-27=\":443\"; ma=2592000,h3-25=\":443\"; ma=2592000,h3-T050=\":443\"; ma=2592000,h3-Q050=\":443\"; ma=2592000,h3-Q049=\":443\"; ma=2592000,h3-Q048=\":443\"; ma=2592000,h3-Q046=\":443\"; ma=2592000,h3-Q043=\":443\"; ma=2592000,quic=\":443\"; ma=2592000; v=\"46,43\"","accept-ranges":"none","transfer-encoding":"chunked"}
[info] 
[info] === Deploying to 'build-33d3a'...
[info] 
[info] i  deploying hosting 
[debug] [2020-06-16T05:19:31.772Z] >>> HTTP REQUEST POST https://firebasehosting.googleapis.com/v1beta1/sites/build-33d3a/versions  
 {"config":{},"labels":{"deployment-tool":"cli-firebase"}}
[debug] [2020-06-16T05:19:32.916Z] <<< HTTP RESPONSE 200 {"content-type":"application/json; charset=UTF-8","vary":"X-Origin, Referer, Origin,Accept-Encoding","date":"Tue, 16 Jun 2020 05:19:32 GMT","server":"ESF","cache-control":"private","x-xss-protection":"0","x-frame-options":"SAMEORIGIN","x-content-type-options":"nosniff","alt-svc":"h3-27=\":443\"; ma=2592000,h3-25=\":443\"; ma=2592000,h3-T050=\":443\"; ma=2592000,h3-Q050=\":443\"; ma=2592000,h3-Q049=\":443\"; ma=2592000,h3-Q048=\":443\"; ma=2592000,h3-Q046=\":443\"; ma=2592000,h3-Q043=\":443\"; ma=2592000,quic=\":443\"; ma=2592000; v=\"46,43\"","accept-ranges":"none","transfer-encoding":"chunked"}
[info] i  hosting[build-33d3a]: beginning deploy... 
[info] i  hosting[build-33d3a]: found 6 files in dist 
[debug] [2020-06-16T05:19:32.931Z] [hosting] hash cache [ZGlzdA] stored for 6 files
[debug] [2020-06-16T05:19:32.931Z] [hosting][hash queue][FINAL] {"max":6,"min":4,"avg":4.833333333333333,"active":0,"complete":6,"success":6,"errored":0,"retried":0,"total":6,"elapsed":8}
[debug] [2020-06-16T05:19:32.932Z] >>> HTTP REQUEST POST https://firebasehosting.googleapis.com/v1beta1/sites/build-33d3a/versions/32e5b38066fcfa78:populateFiles  
 <request body omitted>
[debug] [2020-06-16T05:19:33.917Z] <<< HTTP RESPONSE 200 {"content-type":"application/json; charset=UTF-8","vary":"X-Origin, Referer, Origin,Accept-Encoding","date":"Tue, 16 Jun 2020 05:19:33 GMT","server":"ESF","cache-control":"private","x-xss-protection":"0","x-frame-options":"SAMEORIGIN","x-content-type-options":"nosniff","alt-svc":"h3-27=\":443\"; ma=2592000,h3-25=\":443\"; ma=2592000,h3-T050=\":443\"; ma=2592000,h3-Q050=\":443\"; ma=2592000,h3-Q049=\":443\"; ma=2592000,h3-Q048=\":443\"; ma=2592000,h3-Q046=\":443\"; ma=2592000,h3-Q043=\":443\"; ma=2592000,quic=\":443\"; ma=2592000; v=\"46,43\"","accept-ranges":"none","transfer-encoding":"chunked"}
[debug] [2020-06-16T05:19:33.920Z] [hosting][populate queue][FINAL] {"max":988,"min":988,"avg":988,"active":0,"complete":1,"success":1,"errored":0,"retried":0,"total":1,"elapsed":990}
[debug] [2020-06-16T05:19:33.920Z] [hosting] uploads queued: 4
[debug] [2020-06-16T05:19:36.482Z] [hosting][upload queue][FINAL] {"max":2564,"min":2151,"avg":2278,"active":0,"complete":4,"success":4,"errored":0,"retried":0,"total":4,"elapsed":2564}
[info] ✔  hosting[build-33d3a]: file upload complete 
[debug] [2020-06-16T05:19:36.483Z] [hosting] deploy completed after 3566ms
